<?xml version="1.0" encoding="UTF-8"?>
<!-- Generated by org.testng.reporters.JUnitXMLReporter -->
<testsuite ignored="0" hostname="Ambikesh-PC" failures="0" tests="3" name="Scenario 1" time="34.208" errors="0" timestamp="2021-05-17T19:01:06 IST">
  <testcase classname="com.test.testcases.LandingPageTest" name="landingPageTitleTest" time="0.423"/>
  <testcase classname="com.test.testcases.LandingPageTest" name="pageLogoTest" time="0.05"/>
  <testcase classname="com.test.testcases.LandingPageTest" name="loginTest" time="0.588"/>
</testsuite> <!-- Scenario 1 -->
