<?xml version="1.0" encoding="UTF-8"?>
<!-- Generated by org.testng.reporters.JUnitXMLReporter -->
<testsuite ignored="0" hostname="Ambikesh-PC" failures="0" tests="4" name="Scenario 4" time="110.32" errors="0" timestamp="2021-05-17T19:02:56 IST">
  <testcase classname="com.test.testcases.PageCoursesTest" name="validatePageTitle" time="0.007"/>
  <testcase classname="com.test.testcases.PageCoursesTest" name="selectFilter" time="3.239"/>
  <testcase classname="com.test.testcases.ExtractCourseTest" name="firstCourse" time="18.78"/>
  <testcase classname="com.test.testcases.ExtractCourseTest" name="secondcourse" time="18.169"/>
</testsuite> <!-- Scenario 4 -->
