<?xml version="1.0" encoding="UTF-8"?>
<!-- Generated by org.testng.reporters.JUnitXMLReporter -->
<testsuite ignored="0" hostname="Ambikesh-PC" failures="0" tests="4" name="Scenario 4" time="84.068" errors="0" timestamp="2021-05-15T16:41:35 IST">
  <testcase classname="com.test.testcases.PageCoursesTest" name="validatePageTitle" time="0.036"/>
  <testcase classname="com.test.testcases.PageCoursesTest" name="selectFilter" time="2.34"/>
  <testcase classname="com.test.testcases.FirstCourseTest" name="firstCourse" time="16.639"/>
  <testcase classname="com.test.testcases.SecondCourseTest" name="secondcourse" time="16.328"/>
</testsuite> <!-- Scenario 4 -->
