<?xml version="1.0" encoding="UTF-8"?>
<!-- Generated by org.testng.reporters.JUnitXMLReporter -->
<testsuite ignored="0" hostname="Ambikesh-PC" failures="0" tests="3" name="Scenario 5" time="90.409" errors="0" timestamp="2021-05-15T16:43:05 IST">
  <testcase classname="com.test.testcases.ProductsHomeTest" name="validateFEHomePageTitle" time="0.006"/>
  <testcase classname="com.test.testcases.ProductsHomeTest" name="fillingFormUsingValidDetails" time="11.545"/>
  <testcase classname="com.test.testcases.ProductsHomePageS5TC1" name="fillingWithoutFirstName" time="11.472"/>
</testsuite> <!-- Scenario 5 -->
