<?xml version="1.0" encoding="UTF-8"?>
<!-- Generated by org.testng.reporters.JUnitXMLReporter -->
<testsuite ignored="0" hostname="LAPTOP-TAETOFLF" failures="0" tests="3" name="Scenario 1" time="52.018" errors="0" timestamp="2021-05-18T18:34:25 IST">
  <testcase classname="Scenario1.ValidateTest" name="searching" time="8.02"/>
  <testcase classname="Scenario1.HomePageTest2" name="checkcourse" time="1.153"/>
  <testcase classname="Scenario1.HomePageTest" name="check" time="0.681"/>
</testsuite> <!-- Scenario 1 -->
