<?xml version="1.0" encoding="UTF-8"?>
<!-- Generated by org.testng.reporters.JUnitXMLReporter -->
<testsuite ignored="0" hostname="Ambikesh-PC" failures="0" tests="9" name="Scenario 5" time="473.004" errors="0" timestamp="2021-05-17T19:10:49 IST">
  <testcase classname="com.test.testcases.ProductsHomeTest" name="validateFEHomePageTitle" time="0.011"/>
  <testcase classname="com.test.testcases.ProductsHomeTest" name="fillingWithoutFirstName" time="5.42"/>
  <testcase classname="com.test.testcases.ProductsHomeTest" name="fillingWithoutLastName" time="15.076"/>
  <testcase classname="com.test.testcases.ProductsHomeTest" name="fillingWithoutJobFunction" time="14.448"/>
  <testcase classname="com.test.testcases.ProductsHomeTest" name="fillingWithoutJobTitle" time="39.093"/>
  <testcase classname="com.test.testcases.ProductsHomeTest" name="fillingWithoutEmail" time="38.156"/>
  <testcase classname="com.test.testcases.ProductsHomeTest" name="fillingWithoutPhone" time="13.541"/>
  <testcase classname="com.test.testcases.ProductsHomeTest" name="fillingWithoutIntituteName" time="26.37"/>
  <testcase classname="com.test.testcases.ProductsHomeTest" name="fillingFormUsingValidDetails" time="12.927"/>
</testsuite> <!-- Scenario 5 -->
