<?xml version="1.0" encoding="UTF-8"?>
<!-- Generated by org.testng.reporters.JUnitXMLReporter -->
<testsuite ignored="0" hostname="Ambikesh-PC" failures="0" tests="8" name="Default test" time="273.613" errors="0" timestamp="2021-05-17T10:06:51 IST">
  <testcase classname="com.test.testcases.ProductsHomeTest" name="fillingWithoutFirstName" time="13.551"/>
  <testcase classname="com.test.testcases.ProductsHomeTest" name="fillingWithoutLastName" time="15.467"/>
  <testcase classname="com.test.testcases.ProductsHomeTest" name="fillingWithoutJobFunction" time="16.375"/>
  <testcase classname="com.test.testcases.ProductsHomeTest" name="fillingWithoutJobTitle" time="16.007"/>
  <testcase classname="com.test.testcases.ProductsHomeTest" name="fillingWithoutEmail" time="9.943"/>
  <testcase classname="com.test.testcases.ProductsHomeTest" name="fillingWithoutPhone" time="13.445"/>
  <testcase classname="com.test.testcases.ProductsHomeTest" name="fillingWithoutIntituteName" time="9.539"/>
  <testcase classname="com.test.testcases.ProductsHomeTest" name="fillingFormUsingValidDetails" time="10.957"/>
</testsuite> <!-- Default test -->
