<?xml version="1.0" encoding="UTF-8"?>
<testng-results ignored="0" total="2" passed="2" failed="0" skipped="0">
  <reporter-output>
  </reporter-output>
  <suite started-at="2021-05-18T10:48:17 IST" name="Default suite" finished-at="2021-05-18T10:49:09 IST" duration-ms="51633">
    <groups>
      <group name="Regression">
        <method signature="FillingForm.fillingFormUsingValidDetails(java.lang.String,java.lang.String,java.lang.String,java.lang.String,java.lang.String,java.lang.String,java.lang.String,java.lang.String,java.lang.String,java.lang.String)[pri:1, instance:com.test.testcases.FillingForm@2a798d51]" name="fillingFormUsingValidDetails" class="com.test.testcases.FillingForm"/>
        <method signature="FillingForm.fillingWithoutEmail(java.lang.String,java.lang.String,java.lang.String,java.lang.String,java.lang.String,java.lang.String,java.lang.String,java.lang.String,java.lang.String)[pri:2, instance:com.test.testcases.FillingForm@2a798d51]" name="fillingWithoutEmail" class="com.test.testcases.FillingForm"/>
      </group> <!-- Regression -->
    </groups>
    <test started-at="2021-05-18T10:48:17 IST" name="Default test" finished-at="2021-05-18T10:49:09 IST" duration-ms="51633">
      <class name="com.test.testcases.FillingForm">
        <test-method is-config="true" signature="setUp()[pri:0, instance:com.test.testcases.FillingForm@2a798d51]" started-at="2021-05-18T10:48:18 IST" name="setUp" finished-at="2021-05-18T10:48:37 IST" duration-ms="19441" status="PASS">
          <reporter-output>
          </reporter-output>
        </test-method> <!-- setUp -->
        <test-method signature="fillingFormUsingValidDetails(java.lang.String,java.lang.String,java.lang.String,java.lang.String,java.lang.String,java.lang.String,java.lang.String,java.lang.String,java.lang.String,java.lang.String)[pri:1, instance:com.test.testcases.FillingForm@2a798d51]" started-at="2021-05-18T10:48:38 IST" name="fillingFormUsingValidDetails" data-provider="getFirstPageData" finished-at="2021-05-18T10:48:57 IST" duration-ms="19350" status="PASS">
          <params>
            <param index="0">
              <value>
                <![CDATA[Selenium]]>
              </value>
            </param>
            <param index="1">
              <value>
                <![CDATA[Automaition]]>
              </value>
            </param>
            <param index="2">
              <value>
                <![CDATA[Other]]>
              </value>
            </param>
            <param index="3">
              <value>
                <![CDATA[Automate]]>
              </value>
            </param>
            <param index="4">
              <value>
                <![CDATA[automation.selenium@apache.com]]>
              </value>
            </param>
            <param index="5">
              <value>
                <![CDATA[Apache]]>
              </value>
            </param>
            <param index="6">
              <value>
                <![CDATA[Private University]]>
              </value>
            </param>
            <param index="7">
              <value>
                <![CDATA[Computer Science]]>
              </value>
            </param>
            <param index="8">
              <value>
                <![CDATA[India]]>
              </value>
            </param>
            <param index="9">
              <value>
                <![CDATA[Orissa]]>
              </value>
            </param>
          </params>
          <reporter-output>
          </reporter-output>
        </test-method> <!-- fillingFormUsingValidDetails -->
        <test-method signature="fillingWithoutEmail(java.lang.String,java.lang.String,java.lang.String,java.lang.String,java.lang.String,java.lang.String,java.lang.String,java.lang.String,java.lang.String)[pri:2, instance:com.test.testcases.FillingForm@2a798d51]" started-at="2021-05-18T10:48:57 IST" name="fillingWithoutEmail" data-provider="getSixthPageData" finished-at="2021-05-18T10:49:08 IST" duration-ms="10813" status="PASS">
          <params>
            <param index="0">
              <value>
                <![CDATA[Selenium]]>
              </value>
            </param>
            <param index="1">
              <value>
                <![CDATA[Automaition]]>
              </value>
            </param>
            <param index="2">
              <value>
                <![CDATA[Other]]>
              </value>
            </param>
            <param index="3">
              <value>
                <![CDATA[Automate]]>
              </value>
            </param>
            <param index="4">
              <value>
                <![CDATA[Apache]]>
              </value>
            </param>
            <param index="5">
              <value>
                <![CDATA[Private University]]>
              </value>
            </param>
            <param index="6">
              <value>
                <![CDATA[Computer Science]]>
              </value>
            </param>
            <param index="7">
              <value>
                <![CDATA[India]]>
              </value>
            </param>
            <param index="8">
              <value>
                <![CDATA[Orissa]]>
              </value>
            </param>
          </params>
          <reporter-output>
          </reporter-output>
        </test-method> <!-- fillingWithoutEmail -->
        <test-method is-config="true" signature="tearDown()[pri:0, instance:com.test.testcases.FillingForm@2a798d51]" started-at="2021-05-18T10:49:08 IST" name="tearDown" finished-at="2021-05-18T10:49:09 IST" duration-ms="939" status="PASS">
          <reporter-output>
          </reporter-output>
        </test-method> <!-- tearDown -->
      </class> <!-- com.test.testcases.FillingForm -->
    </test> <!-- Default test -->
  </suite> <!-- Default suite -->
</testng-results>
