<?xml version="1.0" encoding="UTF-8"?>
<testng-results ignored="0" total="7" passed="7" failed="0" skipped="0">
  <reporter-output>
  </reporter-output>
  <suite started-at="2021-05-18T18:33:33 IST" name="Functional Testing" finished-at="2021-05-18T18:36:02 IST" duration-ms="149609">
    <groups>
      <group name="Regression">
        <method signature="FillingForm.fillingFormUsingValidDetails(java.lang.String,java.lang.String,java.lang.String,java.lang.String,java.lang.String,java.lang.String,java.lang.String,java.lang.String,java.lang.String,java.lang.String)[pri:1, instance:Scenario5.FillingForm@6892b3b6]" name="fillingFormUsingValidDetails" class="Scenario5.FillingForm"/>
        <method signature="FillingForm.fillingWithoutEmail(java.lang.String,java.lang.String,java.lang.String,java.lang.String,java.lang.String,java.lang.String,java.lang.String,java.lang.String,java.lang.String)[pri:2, instance:Scenario5.FillingForm@6892b3b6]" name="fillingWithoutEmail" class="Scenario5.FillingForm"/>
      </group> <!-- Regression -->
    </groups>
    <test started-at="2021-05-18T18:33:33 IST" name="Scenario 1" finished-at="2021-05-18T18:34:25 IST" duration-ms="52018">
      <class name="Scenario1.HomePageTest">
        <test-method is-config="true" signature="openBrowser()[pri:0, instance:Scenario1.HomePageTest@72e5a8e]" started-at="2021-05-18T18:34:13 IST" name="openBrowser" finished-at="2021-05-18T18:34:22 IST" duration-ms="9390" status="PASS">
          <reporter-output>
          </reporter-output>
        </test-method> <!-- openBrowser -->
        <test-method signature="check()[pri:0, instance:Scenario1.HomePageTest@72e5a8e]" started-at="2021-05-18T18:34:22 IST" name="check" finished-at="2021-05-18T18:34:23 IST" duration-ms="681" status="PASS">
          <reporter-output>
          </reporter-output>
        </test-method> <!-- check -->
        <test-method is-config="true" signature="tearDown()[pri:0, instance:Scenario1.HomePageTest@72e5a8e]" started-at="2021-05-18T18:34:23 IST" name="tearDown" finished-at="2021-05-18T18:34:25 IST" duration-ms="1597" status="PASS">
          <reporter-output>
          </reporter-output>
        </test-method> <!-- tearDown -->
      </class> <!-- Scenario1.HomePageTest -->
      <class name="Scenario1.ValidateTest">
        <test-method is-config="true" signature="setup()[pri:0, instance:Scenario1.ValidateTest@2d710f1a]" started-at="2021-05-18T18:33:33 IST" name="setup" finished-at="2021-05-18T18:33:45 IST" duration-ms="12231" status="PASS">
          <reporter-output>
          </reporter-output>
        </test-method> <!-- setup -->
        <test-method signature="searching()[pri:0, instance:Scenario1.ValidateTest@2d710f1a]" started-at="2021-05-18T18:33:45 IST" name="searching" finished-at="2021-05-18T18:33:53 IST" duration-ms="8020" status="PASS">
          <reporter-output>
          </reporter-output>
        </test-method> <!-- searching -->
        <test-method is-config="true" signature="teardown()[pri:0, instance:Scenario1.ValidateTest@2d710f1a]" started-at="2021-05-18T18:33:53 IST" name="teardown" finished-at="2021-05-18T18:33:55 IST" duration-ms="1869" status="PASS">
          <reporter-output>
          </reporter-output>
        </test-method> <!-- teardown -->
      </class> <!-- Scenario1.ValidateTest -->
      <class name="Scenario1.HomePageTest2">
        <test-method is-config="true" signature="setup()[pri:0, instance:Scenario1.HomePageTest2@7d4f9aae]" started-at="2021-05-18T18:33:55 IST" name="setup" finished-at="2021-05-18T18:34:10 IST" duration-ms="14972" status="PASS">
          <reporter-output>
          </reporter-output>
        </test-method> <!-- setup -->
        <test-method signature="checkcourse()[pri:0, instance:Scenario1.HomePageTest2@7d4f9aae]" started-at="2021-05-18T18:34:10 IST" name="checkcourse" finished-at="2021-05-18T18:34:11 IST" duration-ms="1153" status="PASS">
          <reporter-output>
          </reporter-output>
        </test-method> <!-- checkcourse -->
        <test-method is-config="true" signature="teardown()[pri:0, instance:Scenario1.HomePageTest2@7d4f9aae]" started-at="2021-05-18T18:34:11 IST" name="teardown" finished-at="2021-05-18T18:34:13 IST" duration-ms="1959" status="PASS">
          <reporter-output>
          </reporter-output>
        </test-method> <!-- teardown -->
      </class> <!-- Scenario1.HomePageTest2 -->
    </test> <!-- Scenario 1 -->
    <test started-at="2021-05-18T18:34:25 IST" name="Scenario 4" finished-at="2021-05-18T18:35:14 IST" duration-ms="48735">
      <class name="Scenario4.ExtractCourseTest">
        <test-method is-config="true" signature="setUp()[pri:0, instance:Scenario4.ExtractCourseTest@3c77d488]" started-at="2021-05-18T18:34:25 IST" name="setUp" finished-at="2021-05-18T18:34:43 IST" duration-ms="18257" status="PASS">
          <reporter-output>
          </reporter-output>
        </test-method> <!-- setUp -->
        <test-method signature="firstCourse()[pri:0, instance:Scenario4.ExtractCourseTest@3c77d488]" started-at="2021-05-18T18:34:43 IST" name="firstCourse" finished-at="2021-05-18T18:35:01 IST" duration-ms="18118" status="PASS">
          <reporter-output>
          </reporter-output>
        </test-method> <!-- firstCourse -->
        <test-method signature="secondcourse()[pri:1, instance:Scenario4.ExtractCourseTest@3c77d488]" started-at="2021-05-18T18:35:01 IST" name="secondcourse" finished-at="2021-05-18T18:35:12 IST" duration-ms="10981" status="PASS">
          <reporter-output>
          </reporter-output>
        </test-method> <!-- secondcourse -->
        <test-method is-config="true" signature="tearDown()[pri:0, instance:Scenario4.ExtractCourseTest@3c77d488]" started-at="2021-05-18T18:35:12 IST" name="tearDown" finished-at="2021-05-18T18:35:14 IST" duration-ms="1364" status="PASS">
          <reporter-output>
          </reporter-output>
        </test-method> <!-- tearDown -->
      </class> <!-- Scenario4.ExtractCourseTest -->
    </test> <!-- Scenario 4 -->
    <test started-at="2021-05-18T18:35:14 IST" name="Scenario 5" finished-at="2021-05-18T18:36:02 IST" duration-ms="48707">
      <class name="Scenario5.FillingForm">
        <test-method is-config="true" signature="setUp()[pri:0, instance:Scenario5.FillingForm@6892b3b6]" started-at="2021-05-18T18:35:14 IST" name="setUp" finished-at="2021-05-18T18:35:34 IST" duration-ms="20590" status="PASS">
          <reporter-output>
          </reporter-output>
        </test-method> <!-- setUp -->
        <test-method signature="fillingFormUsingValidDetails(java.lang.String,java.lang.String,java.lang.String,java.lang.String,java.lang.String,java.lang.String,java.lang.String,java.lang.String,java.lang.String,java.lang.String)[pri:1, instance:Scenario5.FillingForm@6892b3b6]" started-at="2021-05-18T18:35:37 IST" name="fillingFormUsingValidDetails" data-provider="getFirstPageData" finished-at="2021-05-18T18:35:49 IST" duration-ms="11480" status="PASS">
          <params>
            <param index="0">
              <value>
                <![CDATA[Selenium]]>
              </value>
            </param>
            <param index="1">
              <value>
                <![CDATA[Automaition]]>
              </value>
            </param>
            <param index="2">
              <value>
                <![CDATA[Other]]>
              </value>
            </param>
            <param index="3">
              <value>
                <![CDATA[Automate]]>
              </value>
            </param>
            <param index="4">
              <value>
                <![CDATA[automation.selenium@apache.com]]>
              </value>
            </param>
            <param index="5">
              <value>
                <![CDATA[Apache]]>
              </value>
            </param>
            <param index="6">
              <value>
                <![CDATA[Private University]]>
              </value>
            </param>
            <param index="7">
              <value>
                <![CDATA[Computer Science]]>
              </value>
            </param>
            <param index="8">
              <value>
                <![CDATA[India]]>
              </value>
            </param>
            <param index="9">
              <value>
                <![CDATA[Orissa]]>
              </value>
            </param>
          </params>
          <reporter-output>
          </reporter-output>
        </test-method> <!-- fillingFormUsingValidDetails -->
        <test-method signature="fillingWithoutEmail(java.lang.String,java.lang.String,java.lang.String,java.lang.String,java.lang.String,java.lang.String,java.lang.String,java.lang.String,java.lang.String)[pri:2, instance:Scenario5.FillingForm@6892b3b6]" started-at="2021-05-18T18:35:49 IST" name="fillingWithoutEmail" data-provider="getSixthPageData" finished-at="2021-05-18T18:36:01 IST" duration-ms="11693" status="PASS">
          <params>
            <param index="0">
              <value>
                <![CDATA[Selenium]]>
              </value>
            </param>
            <param index="1">
              <value>
                <![CDATA[Automaition]]>
              </value>
            </param>
            <param index="2">
              <value>
                <![CDATA[Other]]>
              </value>
            </param>
            <param index="3">
              <value>
                <![CDATA[Automate]]>
              </value>
            </param>
            <param index="4">
              <value>
                <![CDATA[Apache]]>
              </value>
            </param>
            <param index="5">
              <value>
                <![CDATA[Private University]]>
              </value>
            </param>
            <param index="6">
              <value>
                <![CDATA[Computer Science]]>
              </value>
            </param>
            <param index="7">
              <value>
                <![CDATA[India]]>
              </value>
            </param>
            <param index="8">
              <value>
                <![CDATA[Orissa]]>
              </value>
            </param>
          </params>
          <reporter-output>
          </reporter-output>
        </test-method> <!-- fillingWithoutEmail -->
        <test-method is-config="true" signature="tearDown()[pri:0, instance:Scenario5.FillingForm@6892b3b6]" started-at="2021-05-18T18:36:01 IST" name="tearDown" finished-at="2021-05-18T18:36:02 IST" duration-ms="1423" status="PASS">
          <reporter-output>
          </reporter-output>
        </test-method> <!-- tearDown -->
      </class> <!-- Scenario5.FillingForm -->
    </test> <!-- Scenario 5 -->
  </suite> <!-- Functional Testing -->
</testng-results>
